<?xml version="1.0" encoding="UTF-8"?>
<testsuite xmlns:xsi="http://www.w3.org/2001/XMLSchema-instance" xsi:noNamespaceSchemaLocation="https://maven.apache.org/surefire/maven-surefire-plugin/xsd/surefire-test-report.xsd" name="com.tanhua.dubbo.api.TestDemo" time="0.39" tests="8" errors="0" skipped="0" failures="0">
  <properties>
[...]
</properties>
  <testcase name="friend" classname="com.tanhua.dubbo.api.TestDemo" time="0"/>
  <testcase name="testQuestions" classname="com.tanhua.dubbo.api.TestDemo" time="0.06"/>
  <testcase name="questiongrade" classname="com.tanhua.dubbo.api.TestDemo" time="0.073"/>
  <testcase name="userLike" classname="com.tanhua.dubbo.api.TestDemo" time="0.074"/>
  <testcase name="scoringBasis" classname="com.tanhua.dubbo.api.TestDemo" time="0.117"/>
  <testcase name="score" classname="com.tanhua.dubbo.api.TestDemo" time="0.026"/>
  <testcase name="voice" classname="com.tanhua.dubbo.api.TestDemo" time="0.016"/>
  <testcase name="grading" classname="com.tanhua.dubbo.api.TestDemo" time="0.016"/>
</testsuite>